Determining if the pthread_create exist failed with the following output:
Change Dir: /tmp/tmp.GgfYsy3tns/cmake-build-debug/CMakeFiles/CMakeTmp

Run Build Command:"/usr/bin/gmake" "cmTC_959b6/fast"
/usr/bin/gmake -f CMakeFiles/cmTC_959b6.dir/build.make CMakeFiles/cmTC_959b6.dir/build
gmake[1]: Entering directory `/tmp/tmp.GgfYsy3tns/cmake-build-debug/CMakeFiles/CMakeTmp'
Building C object CMakeFiles/cmTC_959b6.dir/CheckSymbolExists.c.o
/usr/bin/cc    -o CMakeFiles/cmTC_959b6.dir/CheckSymbolExists.c.o   -c /tmp/tmp.GgfYsy3tns/cmake-build-debug/CMakeFiles/CMakeTmp/CheckSymbolExists.c
Linking C executable cmTC_959b6
/usr/local/bin/cmake -E cmake_link_script CMakeFiles/cmTC_959b6.dir/link.txt --verbose=1
/usr/bin/cc      CMakeFiles/cmTC_959b6.dir/CheckSymbolExists.c.o  -o cmTC_959b6 
CMakeFiles/cmTC_959b6.dir/CheckSymbolExists.c.o: In function `main':
CheckSymbolExists.c:(.text+0x16): undefined reference to `pthread_create'
collect2: error: ld returned 1 exit status
gmake[1]: *** [cmTC_959b6] Error 1
gmake[1]: Leaving directory `/tmp/tmp.GgfYsy3tns/cmake-build-debug/CMakeFiles/CMakeTmp'
gmake: *** [cmTC_959b6/fast] Error 2

File /tmp/tmp.GgfYsy3tns/cmake-build-debug/CMakeFiles/CMakeTmp/CheckSymbolExists.c:
/* */
#include <pthread.h>

int main(int argc, char** argv)
{
  (void)argv;
#ifndef pthread_create
  return ((int*)(&pthread_create))[argc];
#else
  (void)argc;
  return 0;
#endif
}

Determining if the function pthread_create exists in the pthreads failed with the following output:
Change Dir: /tmp/tmp.GgfYsy3tns/cmake-build-debug/CMakeFiles/CMakeTmp

Run Build Command:"/usr/bin/gmake" "cmTC_7304c/fast"
/usr/bin/gmake -f CMakeFiles/cmTC_7304c.dir/build.make CMakeFiles/cmTC_7304c.dir/build
gmake[1]: Entering directory `/tmp/tmp.GgfYsy3tns/cmake-build-debug/CMakeFiles/CMakeTmp'
Building C object CMakeFiles/cmTC_7304c.dir/CheckFunctionExists.c.o
/usr/bin/cc   -DCHECK_FUNCTION_EXISTS=pthread_create   -o CMakeFiles/cmTC_7304c.dir/CheckFunctionExists.c.o   -c /usr/local/share/cmake-3.9/Modules/CheckFunctionExists.c
Linking C executable cmTC_7304c
/usr/local/bin/cmake -E cmake_link_script CMakeFiles/cmTC_7304c.dir/link.txt --verbose=1
/usr/bin/cc  -DCHECK_FUNCTION_EXISTS=pthread_create    CMakeFiles/cmTC_7304c.dir/CheckFunctionExists.c.o  -o cmTC_7304c -lpthreads 
/opt/rh/devtoolset-2/root/usr/libexec/gcc/x86_64-redhat-linux/4.8.2/ld: cannot find -lpthreads
collect2: error: ld returned 1 exit status
gmake[1]: *** [cmTC_7304c] Error 1
gmake[1]: Leaving directory `/tmp/tmp.GgfYsy3tns/cmake-build-debug/CMakeFiles/CMakeTmp'
gmake: *** [cmTC_7304c/fast] Error 2


